2025-01-01 16:01:629 INFO  Logger_Test_46:23 - Log testA details....
2025-01-01 16:01:633 INFO  Logger_Test_46:24 - Log testB details....
2025-01-01 16:01:633 INFO  Logger_Test_46:25 - Log testC details....
2025-01-01 16:01:633 INFO  Logger_Test_46:26 - Log testD details....
2025-01-01 16:01:633 INFO  Logger_Test_46:27 - Log testE details....
2025-01-01 16:01:467 INFO  Logger_Test_46:25 - Log testA details....
2025-01-01 16:01:470 INFO  Logger_Test_46:26 - Log testB details....
2025-01-01 16:01:470 INFO  Logger_Test_46:27 - Log testC details....
2025-01-01 16:01:470 INFO  Logger_Test_46:28 - Log testD details....
2025-01-01 16:01:472 INFO  Logger_Test_46:29 - Log testE details....
2025-01-01 16:01:365 INFO  Logger_Test_46:25 - Log testA details....
2025-01-01 16:01:368 INFO  Logger_Test_46:26 - Log testB details....
2025-01-01 16:01:368 INFO  Logger_Test_46:27 - Log testC details....
2025-01-01 16:01:369 INFO  Logger_Test_46:28 - Log testD details....
2025-01-01 16:01:369 INFO  Logger_Test_46:29 - Log testE details....
2025-01-01 16:01:550 INFO  log4j_Configuration_With_Selenium_46:29 - Log testA details....
2025-01-01 16:01:554 INFO  log4j_Configuration_With_Selenium_46:30 - Log testB details....
2025-01-01 16:01:554 INFO  log4j_Configuration_With_Selenium_46:31 - Log testC details....
2025-01-01 16:01:554 INFO  log4j_Configuration_With_Selenium_46:32 - Log testD details....
2025-01-01 16:01:554 INFO  log4j_Configuration_With_Selenium_46:33 - Log testE details....
2025-01-01 16:01:182 INFO  log4j_Configuration_With_Selenium_46:29 - Log testA details....
2025-01-01 16:01:186 INFO  log4j_Configuration_With_Selenium_46:30 - Log testB details....
2025-01-01 16:01:186 INFO  log4j_Configuration_With_Selenium_46:31 - Log testC details....
2025-01-01 16:01:187 INFO  log4j_Configuration_With_Selenium_46:32 - Log testD details....
2025-01-01 16:01:188 INFO  log4j_Configuration_With_Selenium_46:33 - Log testE details....
